<?xml version="1.0" encoding="UTF-8"?>
<robot generator="Robot 6.1.1 (Python 3.11.7 on darwin)" generated="20240207 20:41:04.844" rpa="false" schemaversion="4">
<suite id="s1" name="basicScript" source="/Users/jonathan.musila/jonathan-workspace/belajar-robot-sb53/Day-1/basicScript.robot">
<test id="s1-t1" name="Login with Invalid Data" line="36">
<kw name="Open Flight Application">
<kw name="Open Application" library="AppiumLibrary">
<arg>remote_url=http://localhost:4723/wd/hub</arg>
<arg>platformName=Android</arg>
<arg>platformVersion=12.0</arg>
<arg>deviceName=emulator-5554</arg>
<arg>appPackage=com.example.myapplication</arg>
<arg>appActivity=com.example.myapplication.MainActivity</arg>
<doc>Opens a new application to given Appium server.
Capabilities of appium server, Android and iOS,
Please check https://github.com/appium/appium/blob/master/docs/en/writing-running-appium/server-args.md
| *Option*            | *Man.* | *Description*     |
| remote_url          | Yes    | Appium server url |
| alias               | no     | alias             |
| strict_ssl          | No     | allows you to send commands to an invalid certificate host like a self-signed one. |</doc>
<status status="PASS" starttime="20240207 20:41:04.990" endtime="20240207 20:41:11.819"/>
</kw>
<status status="PASS" starttime="20240207 20:41:04.990" endtime="20240207 20:41:11.819"/>
</kw>
<kw name="Click Sign In Button On Home Page">
<kw name="Click Element" library="AppiumLibrary">
<arg>locator=//android.widget.Button[@resource-id="com.example.myapplication:id/login"]</arg>
<doc>Click element identified by `locator`.</doc>
<msg timestamp="20240207 20:41:11.822" level="INFO">Clicking element '//android.widget.Button[@resource-id="com.example.myapplication:id/login"]'.</msg>
<msg timestamp="20240207 20:41:12.547" level="INFO">xpath criteria: //android.widget.Button[@resource-id="com.example.myapplication:id/login"]</msg>
<status status="PASS" starttime="20240207 20:41:11.821" endtime="20240207 20:41:12.547"/>
</kw>
<status status="PASS" starttime="20240207 20:41:11.820" endtime="20240207 20:41:12.547"/>
</kw>
<kw name="Input Username">
<kw name="Wait Until Element Is Visible" library="AppiumLibrary">
<arg>locator=//android.widget.EditText[@resource-id="com.example.myapplication:id/username"]</arg>
<doc>Waits until element specified with `locator` is visible.</doc>
<msg timestamp="20240207 20:41:13.176" level="INFO">xpath criteria: //android.widget.EditText[@resource-id="com.example.myapplication:id/username"]
xpath criteria: //android.widget.EditText[@resource-id="com.example.myapplication:id/username"]</msg>
<status status="PASS" starttime="20240207 20:41:12.547" endtime="20240207 20:41:13.176"/>
</kw>
<kw name="Input Text" library="AppiumLibrary">
<arg>locator=//android.widget.EditText[@resource-id="com.example.myapplication:id/username"]</arg>
<arg>text=TestUser</arg>
<doc>Types the given `text` into text field identified by `locator`.</doc>
<msg timestamp="20240207 20:41:13.177" level="INFO">Typing text 'TestUser' into text field '//android.widget.EditText[@resource-id="com.example.myapplication:id/username"]'</msg>
<msg timestamp="20240207 20:41:13.224" level="INFO">xpath criteria: //android.widget.EditText[@resource-id="com.example.myapplication:id/username"]</msg>
<status status="PASS" starttime="20240207 20:41:13.176" endtime="20240207 20:41:13.225"/>
</kw>
<status status="PASS" starttime="20240207 20:41:12.547" endtime="20240207 20:41:13.225"/>
</kw>
<kw name="Input Password">
<kw name="Input Text" library="AppiumLibrary">
<arg>locator=//android.widget.EditText[@resource-id="com.example.myapplication:id/password"]</arg>
<arg>text=TestPassword</arg>
<doc>Types the given `text` into text field identified by `locator`.</doc>
<msg timestamp="20240207 20:41:13.226" level="INFO">Typing text 'TestPassword' into text field '//android.widget.EditText[@resource-id="com.example.myapplication:id/password"]'</msg>
<msg timestamp="20240207 20:41:13.728" level="INFO">xpath criteria: //android.widget.EditText[@resource-id="com.example.myapplication:id/password"]</msg>
<status status="PASS" starttime="20240207 20:41:13.225" endtime="20240207 20:41:13.728"/>
</kw>
<status status="PASS" starttime="20240207 20:41:13.225" endtime="20240207 20:41:13.728"/>
</kw>
<kw name="Click Sign In Button On Login Page">
<kw name="Click Element" library="AppiumLibrary">
<arg>locator=//android.widget.Button[@resource-id="com.example.myapplication:id/signIn"]</arg>
<doc>Click element identified by `locator`.</doc>
<msg timestamp="20240207 20:41:13.730" level="INFO">Clicking element '//android.widget.Button[@resource-id="com.example.myapplication:id/signIn"]'.</msg>
<msg timestamp="20240207 20:41:14.280" level="INFO">xpath criteria: //android.widget.Button[@resource-id="com.example.myapplication:id/signIn"]</msg>
<status status="PASS" starttime="20240207 20:41:13.729" endtime="20240207 20:41:14.280"/>
</kw>
<status status="PASS" starttime="20240207 20:41:13.729" endtime="20240207 20:41:14.280"/>
</kw>
<kw name="Verify User Is Fail To Logged In">
<kw name="Wait Until Page Contains" library="AppiumLibrary">
<arg>text=Invalid username/password</arg>
<doc>Waits until `text` appears on current page.</doc>
<status status="PASS" starttime="20240207 20:41:14.281" endtime="20240207 20:41:14.322"/>
</kw>
<status status="PASS" starttime="20240207 20:41:14.280" endtime="20240207 20:41:14.322"/>
</kw>
<kw name="Close Flight Application">
<kw name="Close Application" library="AppiumLibrary">
<doc>Closes the current application and also close webdriver session.</doc>
<status status="PASS" starttime="20240207 20:41:14.322" endtime="20240207 20:41:14.680"/>
</kw>
<status status="PASS" starttime="20240207 20:41:14.322" endtime="20240207 20:41:14.680"/>
</kw>
<status status="PASS" starttime="20240207 20:41:04.990" endtime="20240207 20:41:14.680"/>
</test>
<status status="PASS" starttime="20240207 20:41:04.846" endtime="20240207 20:41:14.681"/>
</suite>
<statistics>
<total>
<stat pass="1" fail="0" skip="0">All Tests</stat>
</total>
<tag>
</tag>
<suite>
<stat pass="1" fail="0" skip="0" id="s1" name="basicScript">basicScript</stat>
</suite>
</statistics>
<errors>
</errors>
</robot>
